Performing C SOURCE FILE Test CMAKE_HAVE_LIBC_PTHREAD failed with the following output:
Change Dir: /home/berkan/betriebssysteme/Blatt_7_Shell/cmake-build-debug/CMakeFiles/CMakeTmp

Run Build Command(s):/usr/bin/make -f Makefile cmTC_22e54/fast && /usr/bin/make  -f CMakeFiles/cmTC_22e54.dir/build.make CMakeFiles/cmTC_22e54.dir/build
make[1]: Verzeichnis „/home/berkan/betriebssysteme/Blatt_7_Shell/cmake-build-debug/CMakeFiles/CMakeTmp“ wird betreten
Building C object CMakeFiles/cmTC_22e54.dir/src.c.o
/usr/bin/cc -DCMAKE_HAVE_LIBC_PTHREAD   -o CMakeFiles/cmTC_22e54.dir/src.c.o -c /home/berkan/betriebssysteme/Blatt_7_Shell/cmake-build-debug/CMakeFiles/CMakeTmp/src.c
Linking C executable cmTC_22e54
/snap/clion/178/bin/cmake/linux/bin/cmake -E cmake_link_script CMakeFiles/cmTC_22e54.dir/link.txt --verbose=1
/usr/bin/cc CMakeFiles/cmTC_22e54.dir/src.c.o -o cmTC_22e54 
/usr/bin/ld: CMakeFiles/cmTC_22e54.dir/src.c.o: in function `main':
src.c:(.text+0x46): undefined reference to `pthread_create'
/usr/bin/ld: src.c:(.text+0x52): undefined reference to `pthread_detach'
/usr/bin/ld: src.c:(.text+0x5e): undefined reference to `pthread_cancel'
/usr/bin/ld: src.c:(.text+0x6f): undefined reference to `pthread_join'
collect2: error: ld returned 1 exit status
make[1]: *** [CMakeFiles/cmTC_22e54.dir/build.make:99: cmTC_22e54] Fehler 1
make[1]: Verzeichnis „/home/berkan/betriebssysteme/Blatt_7_Shell/cmake-build-debug/CMakeFiles/CMakeTmp“ wird verlassen
make: *** [Makefile:127: cmTC_22e54/fast] Fehler 2


Source file was:
#include <pthread.h>

static void* test_func(void* data)
{
  return data;
}

int main(void)
{
  pthread_t thread;
  pthread_create(&thread, NULL, test_func, NULL);
  pthread_detach(thread);
  pthread_cancel(thread);
  pthread_join(thread, NULL);
  pthread_atfork(NULL, NULL, NULL);
  pthread_exit(NULL);

  return 0;
}

